C:\Users\Selma\source\repos\ProjectUsers\ProjectUsers\ClientApp\dist\out-tsc\src\app\app.component.js
C:\Users\Selma\source\repos\ProjectUsers\ProjectUsers\ClientApp\dist\out-tsc\src\app\app.component.js.map
C:\Users\Selma\source\repos\ProjectUsers\ProjectUsers\ClientApp\dist\out-tsc\src\app\message-details\message-details.component.js
C:\Users\Selma\source\repos\ProjectUsers\ProjectUsers\ClientApp\dist\out-tsc\src\app\message-details\message-details.component.js.map
C:\Users\Selma\source\repos\ProjectUsers\ProjectUsers\ClientApp\dist\out-tsc\src\app\shared\message-detail.model.js
C:\Users\Selma\source\repos\ProjectUsers\ProjectUsers\ClientApp\dist\out-tsc\src\app\shared\message-detail.model.js.map
C:\Users\Selma\source\repos\ProjectUsers\ProjectUsers\ClientApp\dist\out-tsc\src\app\shared\message-detail.service.js
C:\Users\Selma\source\repos\ProjectUsers\ProjectUsers\ClientApp\dist\out-tsc\src\app\shared\message-detail.service.js.map
C:\Users\Selma\source\repos\ProjectUsers\ProjectUsers\ClientApp\dist\out-tsc\src\app\shared\user-detail.model.js
C:\Users\Selma\source\repos\ProjectUsers\ProjectUsers\ClientApp\dist\out-tsc\src\app\shared\user-detail.model.js.map
C:\Users\Selma\source\repos\ProjectUsers\ProjectUsers\ClientApp\dist\out-tsc\src\app\message-details\message-detail\message-detail.component.js
C:\Users\Selma\source\repos\ProjectUsers\ProjectUsers\ClientApp\dist\out-tsc\src\app\message-details\message-detail\message-detail.component.js.map
C:\Users\Selma\source\repos\ProjectUsers\ProjectUsers\ClientApp\dist\out-tsc\src\app\message-details\message-detail-list\message-detail-list.component.js
C:\Users\Selma\source\repos\ProjectUsers\ProjectUsers\ClientApp\dist\out-tsc\src\app\message-details\message-detail-list\message-detail-list.component.js.map
C:\Users\Selma\source\repos\ProjectUsers\ProjectUsers\ClientApp\dist\out-tsc\src\app\app.module.js
C:\Users\Selma\source\repos\ProjectUsers\ProjectUsers\ClientApp\dist\out-tsc\src\app\app.module.js.map
C:\Users\Selma\source\repos\ProjectUsers\ProjectUsers\ClientApp\dist\out-tsc\src\environments\environment.js
C:\Users\Selma\source\repos\ProjectUsers\ProjectUsers\ClientApp\dist\out-tsc\src\environments\environment.js.map
C:\Users\Selma\source\repos\ProjectUsers\ProjectUsers\ClientApp\dist\out-tsc\src\main.js
C:\Users\Selma\source\repos\ProjectUsers\ProjectUsers\ClientApp\dist\out-tsc\src\main.js.map
C:\Users\Selma\source\repos\ProjectUsers\ProjectUsers\ClientApp\dist\out-tsc\src\polyfills.js
C:\Users\Selma\source\repos\ProjectUsers\ProjectUsers\ClientApp\dist\out-tsc\src\polyfills.js.map
C:\Users\Selma\source\repos\ProjectUsers\ProjectUsers\ClientApp\dist\out-tsc\src\test.js
C:\Users\Selma\source\repos\ProjectUsers\ProjectUsers\ClientApp\dist\out-tsc\src\test.js.map
C:\Users\Selma\source\repos\ProjectUsers\ProjectUsers\ClientApp\dist\out-tsc\e2e\src\app.po.js
C:\Users\Selma\source\repos\ProjectUsers\ProjectUsers\ClientApp\dist\out-tsc\e2e\src\app.po.js.map
C:\Users\Selma\source\repos\ProjectUsers\ProjectUsers\ClientApp\dist\out-tsc\e2e\src\app.e2e-spec.js
C:\Users\Selma\source\repos\ProjectUsers\ProjectUsers\ClientApp\dist\out-tsc\e2e\src\app.e2e-spec.js.map
C:\Users\Selma\source\repos\ProjectUsers\ProjectUsers\ClientApp\dist\out-tsc\src\environments\environment.prod.js
C:\Users\Selma\source\repos\ProjectUsers\ProjectUsers\ClientApp\dist\out-tsc\src\environments\environment.prod.js.map
